<?xml version="1.0" encoding="UTF-8"?>
<!-- Generated by org.testng.reporters.JUnitXMLReporter -->
<testsuite ignored="0" hostname="Y6FY0CN7TN-nagarajans" failures="0" tests="6" name="/Users/nagarajans/Documents/Automation/SwapaWorkbook" time="56.162" errors="0" timestamp="2024-06-10T12:46:54 IST">
  <testcase classname="Com.FunctionExecution.PilotPollingFormExecution" name="loginToSwapaApp" time="4.059"/>
  <testcase classname="Com.FunctionExecution.PilotPollingFormExecution" name="navigateToPilotPoling" time="15.06"/>
  <testcase classname="Com.FunctionExecution.PilotPollingFormExecution" name="fillPilotPollingForm" time="1.141"/>
  <testcase classname="Com.FunctionExecution.DisabilityCalculatorExecution" name="navigateToDisabilityCalculator" time="19.192"/>
  <testcase classname="Com.FunctionExecution.DisabilityCalculatorExecution" name="validateMonthlyMbe" time="0.126"/>
  <testcase classname="Com.FunctionExecution.DisabilityCalculatorExecution" name="validateSickBankTpf" time="0.399"/>
</testsuite> <!-- /Users/nagarajans/Documents/Automation/SwapaWorkbook -->
