<?xml version="1.0" encoding="UTF-8"?>
<!-- Generated by org.testng.reporters.JUnitXMLReporter -->
<testsuite ignored="0" hostname="Y6FY0CN7TN-nagarajans" failures="0" tests="6" name="/Users/nagarajans/Documents/Automation/SwapaWorkbook" time="63.78" errors="0" timestamp="2024-06-11T12:34:39 IST">
  <testcase classname="Com.FunctionExecution.PilotPollingFormExecution" name="loginToSwapaApp" time="5.058"/>
  <testcase classname="Com.FunctionExecution.PilotPollingFormExecution" name="navigateToPilotPoling" time="15.821"/>
  <testcase classname="Com.FunctionExecution.PilotPollingFormExecution" name="fillPilotPollingForm" time="1.226"/>
  <testcase classname="Com.FunctionExecution.DisabilityCalculatorExecution" name="navigateToDisabilityCalculator" time="20.096"/>
  <testcase classname="Com.FunctionExecution.DisabilityCalculatorExecution" name="validateMonthlyMbe" time="0.122"/>
  <testcase classname="Com.FunctionExecution.DisabilityCalculatorExecution" name="validateSickBankTpf" time="0.436"/>
</testsuite> <!-- /Users/nagarajans/Documents/Automation/SwapaWorkbook -->
