<?xml version="1.0" encoding="UTF-8"?>
<testng-results ignored="0" total="6" passed="6" failed="0" skipped="0">
  <reporter-output>
  </reporter-output>
  <suite started-at="2024-06-13T23:12:27 IST" name="All Test Suite" finished-at="2024-06-13T23:13:49 IST" duration-ms="81456">
    <groups>
    </groups>
    <test started-at="2024-06-13T23:12:27 IST" name="/Users/nagarajans/Documents/Automation/SwapaWorkbook" finished-at="2024-06-13T23:13:49 IST" duration-ms="81456">
      <class name="com.test.disabilityCalculatorTest">
        <test-method is-config="true" signature="OpenBrowser()[pri:0, instance:com.test.disabilityCalculatorTest@2133814f]" started-at="2024-06-13T23:13:15 IST" name="OpenBrowser" finished-at="2024-06-13T23:13:17 IST" duration-ms="2595" status="PASS">
          <reporter-output>
          </reporter-output>
        </test-method> <!-- OpenBrowser -->
        <test-method signature="navigateToDisabilityCalculator()[pri:1, instance:com.test.disabilityCalculatorTest@2133814f]" started-at="2024-06-13T23:13:17 IST" name="navigateToDisabilityCalculator" finished-at="2024-06-13T23:13:47 IST" duration-ms="29703" status="PASS">
          <reporter-output>
          </reporter-output>
        </test-method> <!-- navigateToDisabilityCalculator -->
        <test-method signature="validateMonthlyMbe()[pri:2, instance:com.test.disabilityCalculatorTest@2133814f]" started-at="2024-06-13T23:13:47 IST" name="validateMonthlyMbe" finished-at="2024-06-13T23:13:47 IST" duration-ms="130" status="PASS">
          <reporter-output>
          </reporter-output>
        </test-method> <!-- validateMonthlyMbe -->
        <test-method signature="validateSickBankTpf()[pri:3, instance:com.test.disabilityCalculatorTest@2133814f]" started-at="2024-06-13T23:13:47 IST" name="validateSickBankTpf" finished-at="2024-06-13T23:13:48 IST" duration-ms="456" status="PASS">
          <reporter-output>
          </reporter-output>
        </test-method> <!-- validateSickBankTpf -->
        <test-method is-config="true" signature="CloseBrowser()[pri:0, instance:com.test.disabilityCalculatorTest@2133814f]" started-at="2024-06-13T23:13:48 IST" name="CloseBrowser" finished-at="2024-06-13T23:13:49 IST" duration-ms="1071" status="PASS">
          <reporter-output>
          </reporter-output>
        </test-method> <!-- CloseBrowser -->
      </class> <!-- com.test.disabilityCalculatorTest -->
      <class name="com.test.pilotPollingFormTest">
        <test-method is-config="true" signature="OpenBrowser()[pri:0, instance:com.test.pilotPollingFormTest@14ec4505]" started-at="2024-06-13T23:12:27 IST" name="OpenBrowser" finished-at="2024-06-13T23:12:38 IST" duration-ms="11153" status="PASS">
          <reporter-output>
          </reporter-output>
        </test-method> <!-- OpenBrowser -->
        <test-method signature="loginToSwapaApp()[pri:1, instance:com.test.pilotPollingFormTest@14ec4505]" started-at="2024-06-13T23:12:38 IST" name="loginToSwapaApp" finished-at="2024-06-13T23:12:47 IST" duration-ms="8165" status="PASS">
          <reporter-output>
          </reporter-output>
        </test-method> <!-- loginToSwapaApp -->
        <test-method signature="navigateToPilotPoling()[pri:2, instance:com.test.pilotPollingFormTest@14ec4505]" started-at="2024-06-13T23:12:47 IST" name="navigateToPilotPoling" finished-at="2024-06-13T23:13:12 IST" duration-ms="25645" status="PASS">
          <reporter-output>
          </reporter-output>
        </test-method> <!-- navigateToPilotPoling -->
        <test-method signature="fillPilotPollingForm()[pri:3, instance:com.test.pilotPollingFormTest@14ec4505]" started-at="2024-06-13T23:13:12 IST" name="fillPilotPollingForm" finished-at="2024-06-13T23:13:14 IST" duration-ms="1448" status="PASS">
          <reporter-output>
          </reporter-output>
        </test-method> <!-- fillPilotPollingForm -->
        <test-method is-config="true" signature="CloseBrowser()[pri:0, instance:com.test.pilotPollingFormTest@14ec4505]" started-at="2024-06-13T23:13:14 IST" name="CloseBrowser" finished-at="2024-06-13T23:13:15 IST" duration-ms="1066" status="PASS">
          <reporter-output>
          </reporter-output>
        </test-method> <!-- CloseBrowser -->
      </class> <!-- com.test.pilotPollingFormTest -->
    </test> <!-- /Users/nagarajans/Documents/Automation/SwapaWorkbook -->
  </suite> <!-- All Test Suite -->
</testng-results>
